0 info it worked if it ends with ok
1 verbose cli [ '/home/admin/base/nodejs/bin/node',
1 verbose cli   '/home/admin/base/nodejs/bin/npm',
1 verbose cli   'run',
1 verbose cli   'doc1' ]
2 info using npm@3.3.12
3 info using node@v5.5.0
4 verbose run-script [ 'predoc1', 'doc1', 'postdoc1' ]
5 info lifecycle totem@1.0.1~predoc1: totem@1.0.1
6 silly lifecycle totem@1.0.1~predoc1: no script for predoc1, continuing
7 info lifecycle totem@1.0.1~doc1: totem@1.0.1
8 verbose lifecycle totem@1.0.1~doc1: unsafe-perm in lifecycle true
9 verbose lifecycle totem@1.0.1~doc1: PATH: /home/admin/base/nodejs/lib/node_modules/npm/bin/node-gyp-bin:/home/admin/base/service/totem/node_modules/.bin:/home/admin/base/oxygen/bin:/opt/cmake:/home/admin/base/oxygen/bin:/opt/cmake:/home/admin/base/mysql/bin:/local/bin:/usr/bin:/local/sbin:/usr/sbin:/home/admin/base/nodejs/bin:/home/admin/base/include/opencv:/home/admin/base/opencv/bin:/home/admin/base/anaconda/bin:/home/admin/base/include/python:/home/admin/base/nodejs/bin:/usr/local/share/gems/gems/jsduck-5.3.4/bin:/home/admin/base/service/doc/node_modules/babel-cli/bin
10 verbose lifecycle totem@1.0.1~doc1: CWD: /home/admin/base/service/totem
11 silly lifecycle totem@1.0.1~doc1: Args: [ '-c', 'node $BABEL/babel.js totem.js -d babel' ]
12 silly lifecycle totem@1.0.1~doc1: Returned: code: 1  signal: null
13 info lifecycle totem@1.0.1~doc1: Failed to exec doc1 script
14 verbose stack Error: totem@1.0.1 doc1: `node $BABEL/babel.js totem.js -d babel`
14 verbose stack Exit status 1
14 verbose stack     at EventEmitter.<anonymous> (/home/admin/base/nodejs/lib/node_modules/npm/lib/utils/lifecycle.js:232:16)
14 verbose stack     at emitTwo (events.js:100:13)
14 verbose stack     at EventEmitter.emit (events.js:185:7)
14 verbose stack     at ChildProcess.<anonymous> (/home/admin/base/nodejs/lib/node_modules/npm/lib/utils/spawn.js:24:14)
14 verbose stack     at emitTwo (events.js:100:13)
14 verbose stack     at ChildProcess.emit (events.js:185:7)
14 verbose stack     at maybeClose (internal/child_process.js:821:16)
14 verbose stack     at Process.ChildProcess._handle.onexit (internal/child_process.js:211:5)
15 verbose pkgid totem@1.0.1
16 verbose cwd /home/admin/base/service/totem
17 error Linux 3.10.0-327.el7.x86_64
18 error argv "/home/admin/base/nodejs/bin/node" "/home/admin/base/nodejs/bin/npm" "run" "doc1"
19 error node v5.5.0
20 error npm  v3.3.12
21 error code ELIFECYCLE
22 error totem@1.0.1 doc1: `node $BABEL/babel.js totem.js -d babel`
22 error Exit status 1
23 error Failed at the totem@1.0.1 doc1 script 'node $BABEL/babel.js totem.js -d babel'.
23 error Make sure you have the latest version of node.js and npm installed.
23 error If you do, this is most likely a problem with the totem package,
23 error not with npm itself.
23 error Tell the author that this fails on your system:
23 error     node $BABEL/babel.js totem.js -d babel
23 error You can get their info via:
23 error     npm owner ls totem
23 error There is likely additional logging output above.
24 verbose exit [ 1, true ]
